生成启动时间为 2025/10/30 23:08:39。
     1>项目“C:\Users\16153\Desktop\C＋＋\2\2\2.vcxproj”在节点 2 上(build 个目标)。
     1>InitializeBuildStatus:
         正在创建“Release\2.unsuccessfulbuild”，因为已指定“AlwaysCreate”。
       ClCompile:
         F:\VC\VC\bin\CL.exe /c /Zi /nologo /W3 /WX- /O2 /Oi /Oy- /GL /D WIN32 /D NDEBUG /D _CONSOLE /D _UNICODE /D UNICODE /Gm- /EHsc /MD /GS /Gy /fp:precise /Zc:wchar_t /Zc:forScope /Fo"Release\\" /Fd"Release\vc100.pdb" /Gd /TP /analyze- /errorReport:prompt 2.cpp
         2.cpp
       Link:
         F:\VC\VC\bin\link.exe /ERRORREPORT:PROMPT /OUT:"C:\Users\16153\Desktop\C＋＋\2\Release\2.exe" /INCREMENTAL:NO /NOLOGO kernel32.lib user32.lib gdi32.lib winspool.lib comdlg32.lib advapi32.lib shell32.lib ole32.lib oleaut32.lib uuid.lib odbc32.lib odbccp32.lib /MANIFEST /ManifestFile:"Release\2.exe.intermediate.manifest" /MANIFESTUAC:"level='asInvoker' uiAccess='false'" /DEBUG /PDB:"C:\Users\16153\Desktop\C＋＋\2\Release\2.pdb" /SUBSYSTEM:CONSOLE /OPT:REF /OPT:ICF /LTCG /TLBID:1 /DYNAMICBASE /NXCOMPAT /IMPLIB:"C:\Users\16153\Desktop\C＋＋\2\Release\2.lib" /MACHINE:X86 Release\2.obj
         正在生成代码
         已完成代码的生成
         2.vcxproj -> C:\Users\16153\Desktop\C＋＋\2\Release\2.exe
       Manifest:
         C:\Program Files (x86)\Microsoft SDKs\Windows\v7.0A\bin\mt.exe /nologo /verbose /outputresource:"C:\Users\16153\Desktop\C＋＋\2\Release\2.exe;#1" /manifest Release\2.exe.intermediate.manifest
       FinalizeBuildStatus:
         正在删除文件“Release\2.unsuccessfulbuild”。
         正在对“Release\2.lastbuildstate”执行 Touch 任务。
     1>已完成生成项目“C:\Users\16153\Desktop\C＋＋\2\2\2.vcxproj”(build 个目标)的操作。

生成成功。

已用时间 00:00:04.97
